Employee4/android/app/build/intermediates/manifest_merge_blame_file/release/manifest-merger-blame-release-report.txt
1<?xml version="1.0" encoding="utf-8"?>
2<manifest xmlns:android="http://schemas.android.com/apk/res/android"
3    package="to.uiz.employee"
4    android:versionCode="2"
5    android:versionName="2.0" >
6
7    <uses-sdk
8        android:minSdkVersion="21"
8-->src/main/AndroidManifest.xml
9        android:targetSdkVersion="30" />
9-->src/main/AndroidManifest.xml
10
11    <uses-permission android:name="android.permission.INTERNET" />
11-->src/main/AndroidManifest.xml:4:5-67
11-->src/main/AndroidManifest.xml:4:22-64
12    <uses-permission android:name="android.permission.ACCESS_FINE_LOCATION" />
12-->src/main/AndroidManifest.xml:5:5-79
12-->src/main/AndroidManifest.xml:5:22-76
13    <uses-permission android:name="android.permission.ACCESS_NETWORK_STATE" />
13-->[:react-native-community_netinfo] AndroidManifest.xml:9:5-79
13-->[:react-native-community_netinfo] AndroidManifest.xml:9:22-76
14    <uses-permission android:name="android.permission.ACCESS_WIFI_STATE" />
14-->[:react-native-community_netinfo] AndroidManifest.xml:10:5-76
14-->[:react-native-community_netinfo] AndroidManifest.xml:10:22-73
15
16    <queries>
16-->[:react-native-image-crop-picker] AndroidManifest.xml:9:5-13:15
17        <intent>
17-->[:react-native-image-crop-picker] AndroidManifest.xml:10:9-12:18
18            <action android:name="android.media.action.IMAGE_CAPTURE" />
18-->[:react-native-image-crop-picker] AndroidManifest.xml:11:13-73
18-->[:react-native-image-crop-picker] AndroidManifest.xml:11:21-70
19        </intent>
20    </queries>
21
22    <uses-permission android:name="android.permission.WRITE_EXTERNAL_STORAGE" />
22-->[:react-native-image-crop-picker] AndroidManifest.xml:15:5-81
22-->[:react-native-image-crop-picker] AndroidManifest.xml:15:22-78
23    <uses-permission android:name="android.permission.ACCESS_COARSE_LOCATION" /> <!-- Required to access Google Play Licensing -->
23-->[:react-native-maps] AndroidManifest.xml:10:5-81
23-->[:react-native-maps] AndroidManifest.xml:10:22-78
24    <uses-permission android:name="com.android.vending.CHECK_LICENSE" />
24-->[:rn-fetch-blob] AndroidManifest.xml:10:5-73
24-->[:rn-fetch-blob] AndroidManifest.xml:10:22-70
25    <!--
26         Required to keep CPU alive while downloading files
27        (NOT to keep screen awake)
28    -->
29    <uses-permission android:name="android.permission.WAKE_LOCK" />
29-->[:rn-fetch-blob] AndroidManifest.xml:19:5-68
29-->[:rn-fetch-blob] AndroidManifest.xml:19:22-65
30
31    <permission
31-->[com.pusher:push-notifications-android:1.4.5] AndroidManifest.xml:11:5-13:47
32        android:name="to.uiz.employee.permission.C2D_MESSAGE"
32-->[com.pusher:push-notifications-android:1.4.5] AndroidManifest.xml:12:9-63
33        android:protectionLevel="signature" />
33-->[com.pusher:push-notifications-android:1.4.5] AndroidManifest.xml:13:9-44
34
35    <uses-permission android:name="to.uiz.employee.permission.C2D_MESSAGE" /> <!-- Required by older versions of Google Play services to create IID tokens -->
35-->[com.pusher:push-notifications-android:1.4.5] AndroidManifest.xml:15:5-79
35-->[com.pusher:push-notifications-android:1.4.5] AndroidManifest.xml:15:22-76
36    <uses-permission android:name="com.google.android.c2dm.permission.RECEIVE" />
36-->[com.google.firebase:firebase-iid:21.0.1] AndroidManifest.xml:26:5-82
36-->[com.google.firebase:firebase-iid:21.0.1] AndroidManifest.xml:26:22-79
37
38    <uses-feature
38-->[com.google.android.gms:play-services-maps:17.0.0] AndroidManifest.xml:26:5-28:35
39        android:glEsVersion="0x00020000"
39-->[com.google.android.gms:play-services-maps:17.0.0] AndroidManifest.xml:27:9-41
40        android:required="true" />
40-->[com.google.android.gms:play-services-maps:17.0.0] AndroidManifest.xml:28:9-32
41
42    <uses-permission android:name="com.google.android.finsky.permission.BIND_GET_INSTALL_REFERRER_SERVICE" />
42-->[com.google.android.gms:play-services-measurement:18.0.1] AndroidManifest.xml:26:5-110
42-->[com.google.android.gms:play-services-measurement:18.0.1] AndroidManifest.xml:26:22-107
43
44    <application
44-->src/main/AndroidManifest.xml:7:5-30:19
45        android:name="to.uiz.employee.MainApplication"
45-->src/main/AndroidManifest.xml:9:7-38
46        android:allowBackup="false"
46-->src/main/AndroidManifest.xml:13:7-34
47        android:appComponentFactory="androidx.core.app.CoreComponentFactory"
47-->[androidx.core:core:1.1.0] AndroidManifest.xml:24:18-86
48        android:fullBackupContent="@xml/backup_rules"
48-->[com.pusher:push-notifications-android:1.4.5] AndroidManifest.xml:18:18-63
49        android:icon="@mipmap/ic_launcher"
49-->src/main/AndroidManifest.xml:11:7-41
50        android:label="@string/app_name"
50-->src/main/AndroidManifest.xml:10:7-39
51        android:roundIcon="@mipmap/ic_launcher"
51-->src/main/AndroidManifest.xml:12:7-46
52        android:theme="@style/AppTheme"
52-->src/main/AndroidManifest.xml:14:7-38
53        android:usesCleartextTraffic="true" >
53-->src/main/AndroidManifest.xml:8:5-40
54        <activity
54-->src/main/AndroidManifest.xml:15:7-25:18
55            android:name="to.uiz.employee.MainActivity"
55-->src/main/AndroidManifest.xml:16:9-37
56            android:configChanges="keyboard|keyboardHidden|orientation|screenSize|uiMode"
56-->src/main/AndroidManifest.xml:18:9-86
57            android:label="@string/app_name"
57-->src/main/AndroidManifest.xml:17:9-41
58            android:launchMode="singleTask"
58-->src/main/AndroidManifest.xml:19:9-40
59            android:windowSoftInputMode="adjustResize" >
59-->src/main/AndroidManifest.xml:20:9-51
60            <intent-filter>
60-->src/main/AndroidManifest.xml:21:9-24:25
61                <action android:name="android.intent.action.MAIN" />
61-->src/main/AndroidManifest.xml:22:13-65
61-->src/main/AndroidManifest.xml:22:21-62
62
63                <category android:name="android.intent.category.LAUNCHER" />
63-->src/main/AndroidManifest.xml:23:13-73
63-->src/main/AndroidManifest.xml:23:23-70
64            </intent-filter>
65        </activity>
66        <activity android:name="com.facebook.react.devsupport.DevSettingsActivity" />
66-->src/main/AndroidManifest.xml:26:7-84
66-->src/main/AndroidManifest.xml:26:17-81
67
68        <meta-data
68-->src/main/AndroidManifest.xml:27:7-29:66
69            android:name="com.google.android.geo.API_KEY"
69-->src/main/AndroidManifest.xml:28:9-54
70            android:value="AIzaSyDBBihu_tVeuBzgYrZxakhnomR-BjBUlm4" />
70-->src/main/AndroidManifest.xml:29:9-64
71
72        <provider
72-->[:react-native-image-crop-picker] AndroidManifest.xml:18:9-26:20
73            android:name="androidx.core.content.FileProvider"
73-->[:react-native-image-crop-picker] AndroidManifest.xml:19:13-62
74            android:authorities="to.uiz.employee.provider"
74-->[:react-native-image-crop-picker] AndroidManifest.xml:20:13-60
75            android:exported="false"
75-->[:react-native-image-crop-picker] AndroidManifest.xml:21:13-37
76            android:grantUriPermissions="true" >
76-->[:react-native-image-crop-picker] AndroidManifest.xml:22:13-47
77            <meta-data
77-->[:react-native-image-crop-picker] AndroidManifest.xml:23:13-25:58
78                android:name="android.support.FILE_PROVIDER_PATHS"
78-->[:react-native-image-crop-picker] AndroidManifest.xml:24:17-67
79                android:resource="@xml/provider_paths" />
79-->[:react-native-image-crop-picker] AndroidManifest.xml:25:17-55
80        </provider>
81
82        <activity
82-->[:react-native-image-crop-picker] AndroidManifest.xml:28:9-30:72
83            android:name="com.yalantis.ucrop.UCropActivity"
83-->[:react-native-image-crop-picker] AndroidManifest.xml:29:13-60
84            android:theme="@style/Theme.AppCompat.Light.NoActionBar" />
84-->[:react-native-image-crop-picker] AndroidManifest.xml:30:13-69
85
86        <provider
86-->[:react-native-webview] AndroidManifest.xml:10:9-18:20
87            android:name="com.reactnativecommunity.webview.RNCWebViewFileProvider"
87-->[:react-native-webview] AndroidManifest.xml:11:13-83
88            android:authorities="to.uiz.employee.fileprovider"
88-->[:react-native-webview] AndroidManifest.xml:12:13-64
89            android:exported="false"
89-->[:react-native-webview] AndroidManifest.xml:13:13-37
90            android:grantUriPermissions="true" >
90-->[:react-native-webview] AndroidManifest.xml:14:13-47
91            <meta-data
91-->[:react-native-image-crop-picker] AndroidManifest.xml:23:13-25:58
92                android:name="android.support.FILE_PROVIDER_PATHS"
92-->[:react-native-image-crop-picker] AndroidManifest.xml:24:17-67
93                android:resource="@xml/file_provider_paths" />
93-->[:react-native-image-crop-picker] AndroidManifest.xml:25:17-55
94        </provider>
95        <provider
95-->[:rn-fetch-blob] AndroidManifest.xml:34:9-42:20
96            android:name="com.RNFetchBlob.Utils.FileProvider"
96-->[:rn-fetch-blob] AndroidManifest.xml:35:13-62
97            android:authorities="to.uiz.employee.provider"
97-->[:rn-fetch-blob] AndroidManifest.xml:36:13-60
98            android:exported="false"
98-->[:rn-fetch-blob] AndroidManifest.xml:37:13-37
99            android:grantUriPermissions="true" >
99-->[:rn-fetch-blob] AndroidManifest.xml:38:13-47
100            <meta-data
100-->[:react-native-image-crop-picker] AndroidManifest.xml:23:13-25:58
101                android:name="android.support.FILE_PROVIDER_PATHS"
101-->[:react-native-image-crop-picker] AndroidManifest.xml:24:17-67
102                android:resource="@xml/provider_paths" />
102-->[:react-native-image-crop-picker] AndroidManifest.xml:25:17-55
103        </provider>
104
105        <receiver
105-->[com.pusher:push-notifications-android:1.4.5] AndroidManifest.xml:19:9-28:20
106            android:name="com.pusher.pushnotifications.reporting.FCMMessageReceiver"
106-->[com.pusher:push-notifications-android:1.4.5] AndroidManifest.xml:20:13-85
107            android:exported="true"
107-->[com.pusher:push-notifications-android:1.4.5] AndroidManifest.xml:21:13-36
108            android:permission="com.google.android.c2dm.permission.SEND" >
108-->[com.pusher:push-notifications-android:1.4.5] AndroidManifest.xml:22:13-73
109            <intent-filter>
109-->[com.pusher:push-notifications-android:1.4.5] AndroidManifest.xml:23:13-27:29
110                <action android:name="com.google.android.c2dm.intent.RECEIVE" />
110-->[com.pusher:push-notifications-android:1.4.5] AndroidManifest.xml:24:17-81
110-->[com.pusher:push-notifications-android:1.4.5] AndroidManifest.xml:24:25-78
111
112                <category android:name="to.uiz.employee" />
112-->[com.pusher:push-notifications-android:1.4.5] AndroidManifest.xml:26:17-61
112-->[com.pusher:push-notifications-android:1.4.5] AndroidManifest.xml:26:27-58
113            </intent-filter>
114        </receiver>
115
116        <service
116-->[com.pusher:push-notifications-android:1.4.5] AndroidManifest.xml:30:9-37:19
117            android:name="com.pusher.pushnotifications.reporting.ReportingJobService"
117-->[com.pusher:push-notifications-android:1.4.5] AndroidManifest.xml:31:13-86
118            android:exported="true"
118-->[com.pusher:push-notifications-android:1.4.5] AndroidManifest.xml:32:13-36
119            android:permission="android.permission.BIND_JOB_SERVICE" >
119-->[com.pusher:push-notifications-android:1.4.5] AndroidManifest.xml:33:13-69
120            <intent-filter>
120-->[com.pusher:push-notifications-android:1.4.5] AndroidManifest.xml:34:13-36:29
121                <action android:name="com.firebase.jobdispatcher.ACTION_EXECUTE" />
121-->[com.pusher:push-notifications-android:1.4.5] AndroidManifest.xml:35:17-84
121-->[com.pusher:push-notifications-android:1.4.5] AndroidManifest.xml:35:25-81
122            </intent-filter>
123        </service>
124        <service android:name="com.pusher.pushnotifications.fcm.EmptyMessagingService" >
124-->[com.pusher:push-notifications-android:1.4.5] AndroidManifest.xml:38:9-42:19
124-->[com.pusher:push-notifications-android:1.4.5] AndroidManifest.xml:38:18-87
125            <intent-filter android:priority="1" >
125-->[com.pusher:push-notifications-android:1.4.5] AndroidManifest.xml:39:13-41:29
125-->[com.pusher:push-notifications-android:1.4.5] AndroidManifest.xml:39:28-48
126                <action android:name="com.google.firebase.MESSAGING_EVENT" />
126-->[com.pusher:push-notifications-android:1.4.5] AndroidManifest.xml:40:17-78
126-->[com.pusher:push-notifications-android:1.4.5] AndroidManifest.xml:40:25-75
127            </intent-filter>
128        </service>
129
130        <provider
130-->[com.pusher:push-notifications-android:1.4.5] AndroidManifest.xml:44:9-48:38
131            android:name="com.pusher.pushnotifications.internal.PushNotificationsInitProvider"
131-->[com.pusher:push-notifications-android:1.4.5] AndroidManifest.xml:45:13-95
132            android:authorities="to.uiz.employee.pushnotificationsinitprovider"
132-->[com.pusher:push-notifications-android:1.4.5] AndroidManifest.xml:46:13-81
133            android:exported="false"
133-->[com.pusher:push-notifications-android:1.4.5] AndroidManifest.xml:47:13-37
134            android:initOrder="99" />
134-->[com.pusher:push-notifications-android:1.4.5] AndroidManifest.xml:48:13-35
135
136        <activity android:name="com.pusher.pushnotifications.reporting.OpenNotificationActivity" >
136-->[com.pusher:push-notifications-android:1.4.5] AndroidManifest.xml:50:9-56:20
136-->[com.pusher:push-notifications-android:1.4.5] AndroidManifest.xml:50:19-97
137            <intent-filter>
137-->[com.pusher:push-notifications-android:1.4.5] AndroidManifest.xml:51:13-55:29
138                <action android:name="com.pusher.pushnotifications.OPEN_TRACKING" />
138-->[com.pusher:push-notifications-android:1.4.5] AndroidManifest.xml:52:17-85
138-->[com.pusher:push-notifications-android:1.4.5] AndroidManifest.xml:52:25-82
139
140                <category android:name="android.intent.category.DEFAULT" />
140-->[com.pusher:push-notifications-android:1.4.5] AndroidManifest.xml:54:17-76
140-->[com.pusher:push-notifications-android:1.4.5] AndroidManifest.xml:54:27-73
141            </intent-filter>
142        </activity>
143        <!--
144             FirebaseMessagingService performs security checks at runtime,
145             but set to not exported to explicitly avoid allowing another app to call it.
146        -->
147        <service
147-->[com.google.firebase:firebase-messaging:21.0.1] AndroidManifest.xml:28:9-35:19
148            android:name="com.google.firebase.messaging.FirebaseMessagingService"
148-->[com.google.firebase:firebase-messaging:21.0.1] AndroidManifest.xml:29:13-82
149            android:directBootAware="true"
149-->[com.google.firebase:firebase-messaging:21.0.1] AndroidManifest.xml:30:13-43
150            android:exported="false" >
150-->[com.google.firebase:firebase-messaging:21.0.1] AndroidManifest.xml:31:13-37
151            <intent-filter android:priority="-500" >
151-->[com.pusher:push-notifications-android:1.4.5] AndroidManifest.xml:39:13-41:29
151-->[com.pusher:push-notifications-android:1.4.5] AndroidManifest.xml:39:28-48
152                <action android:name="com.google.firebase.MESSAGING_EVENT" />
152-->[com.pusher:push-notifications-android:1.4.5] AndroidManifest.xml:40:17-78
152-->[com.pusher:push-notifications-android:1.4.5] AndroidManifest.xml:40:25-75
153            </intent-filter>
154        </service>
155        <service
155-->[com.google.firebase:firebase-messaging:21.0.1] AndroidManifest.xml:36:9-42:19
156            android:name="com.google.firebase.components.ComponentDiscoveryService"
156-->[com.google.firebase:firebase-messaging:21.0.1] AndroidManifest.xml:37:13-84
157            android:directBootAware="true"
157-->[com.google.firebase:firebase-common:19.5.0] AndroidManifest.xml:35:13-43
158            android:exported="false" >
158-->[com.google.firebase:firebase-messaging:21.0.1] AndroidManifest.xml:38:13-37
159            <meta-data
159-->[com.google.firebase:firebase-messaging:21.0.1] AndroidManifest.xml:39:13-41:85
160                android:name="com.google.firebase.components:com.google.firebase.messaging.FirebaseMessagingRegistrar"
160-->[com.google.firebase:firebase-messaging:21.0.1] AndroidManifest.xml:40:17-119
161                android:value="com.google.firebase.components.ComponentRegistrar" />
161-->[com.google.firebase:firebase-messaging:21.0.1] AndroidManifest.xml:41:17-82
162            <meta-data
162-->[com.google.firebase:firebase-datatransport:17.0.10] AndroidManifest.xml:28:13-30:85
163                android:name="com.google.firebase.components:com.google.firebase.datatransport.TransportRegistrar"
163-->[com.google.firebase:firebase-datatransport:17.0.10] AndroidManifest.xml:29:17-115
164                android:value="com.google.firebase.components.ComponentRegistrar" />
164-->[com.google.firebase:firebase-datatransport:17.0.10] AndroidManifest.xml:30:17-82
165            <meta-data
165-->[com.google.firebase:firebase-iid:21.0.1] AndroidManifest.xml:32:13-34:85
166                android:name="com.google.firebase.components:com.google.firebase.iid.Registrar"
166-->[com.google.firebase:firebase-iid:21.0.1] AndroidManifest.xml:33:17-96
167                android:value="com.google.firebase.components.ComponentRegistrar" />
167-->[com.google.firebase:firebase-iid:21.0.1] AndroidManifest.xml:34:17-82
168            <meta-data
168-->[com.google.android.gms:play-services-measurement-api:18.0.1] AndroidManifest.xml:30:13-32:85
169                android:name="com.google.firebase.components:com.google.firebase.analytics.connector.internal.AnalyticsConnectorRegistrar"
169-->[com.google.android.gms:play-services-measurement-api:18.0.1] AndroidManifest.xml:31:17-139
170                android:value="com.google.firebase.components.ComponentRegistrar" />
170-->[com.google.android.gms:play-services-measurement-api:18.0.1] AndroidManifest.xml:32:17-82
171            <meta-data
171-->[com.google.firebase:firebase-installations:16.3.5] AndroidManifest.xml:18:13-20:85
172                android:name="com.google.firebase.components:com.google.firebase.installations.FirebaseInstallationsRegistrar"
172-->[com.google.firebase:firebase-installations:16.3.5] AndroidManifest.xml:19:17-127
173                android:value="com.google.firebase.components.ComponentRegistrar" />
173-->[com.google.firebase:firebase-installations:16.3.5] AndroidManifest.xml:20:17-82
174            <!--
175                This registrar is not defined in the dynamic-module-support sdk itself to allow non-firebase
176                clients to use it as well, by defining this registrar in their own core/common library.
177            -->
178            <meta-data
178-->[com.google.firebase:firebase-common:19.5.0] AndroidManifest.xml:43:13-45:85
179                android:name="com.google.firebase.components:com.google.firebase.dynamicloading.DynamicLoadingRegistrar"
179-->[com.google.firebase:firebase-common:19.5.0] AndroidManifest.xml:44:17-121
180                android:value="com.google.firebase.components.ComponentRegistrar" />
180-->[com.google.firebase:firebase-common:19.5.0] AndroidManifest.xml:45:17-82
181        </service>
182        <service
182-->[com.google.android.datatransport:transport-backend-cct:2.3.3] AndroidManifest.xml:29:9-35:19
183            android:name="com.google.android.datatransport.runtime.backends.TransportBackendDiscovery"
183-->[com.google.android.datatransport:transport-backend-cct:2.3.3] AndroidManifest.xml:30:13-103
184            android:exported="false" >
184-->[com.google.android.datatransport:transport-backend-cct:2.3.3] AndroidManifest.xml:31:13-37
185            <meta-data
185-->[com.google.android.datatransport:transport-backend-cct:2.3.3] AndroidManifest.xml:32:13-34:39
186                android:name="backend:com.google.android.datatransport.cct.CctBackendFactory"
186-->[com.google.android.datatransport:transport-backend-cct:2.3.3] AndroidManifest.xml:33:17-94
187                android:value="cct" />
187-->[com.google.android.datatransport:transport-backend-cct:2.3.3] AndroidManifest.xml:34:17-36
188        </service>
189
190        <receiver
190-->[com.google.firebase:firebase-iid:21.0.1] AndroidManifest.xml:37:9-44:20
191            android:name="com.google.firebase.iid.FirebaseInstanceIdReceiver"
191-->[com.google.firebase:firebase-iid:21.0.1] AndroidManifest.xml:38:13-78
192            android:exported="true"
192-->[com.google.firebase:firebase-iid:21.0.1] AndroidManifest.xml:39:13-36
193            android:permission="com.google.android.c2dm.permission.SEND" >
193-->[com.google.firebase:firebase-iid:21.0.1] AndroidManifest.xml:40:13-73
194            <intent-filter>
194-->[com.google.firebase:firebase-iid:21.0.1] AndroidManifest.xml:41:13-43:29
195                <action android:name="com.google.android.c2dm.intent.RECEIVE" />
195-->[com.pusher:push-notifications-android:1.4.5] AndroidManifest.xml:24:17-81
195-->[com.pusher:push-notifications-android:1.4.5] AndroidManifest.xml:24:25-78
196            </intent-filter>
197        </receiver>
198
199        <provider
199-->[com.google.firebase:firebase-common:19.5.0] AndroidManifest.xml:26:9-31:39
200            android:name="com.google.firebase.provider.FirebaseInitProvider"
200-->[com.google.firebase:firebase-common:19.5.0] AndroidManifest.xml:27:13-77
201            android:authorities="to.uiz.employee.firebaseinitprovider"
201-->[com.google.firebase:firebase-common:19.5.0] AndroidManifest.xml:28:13-72
202            android:directBootAware="true"
202-->[com.google.firebase:firebase-common:19.5.0] AndroidManifest.xml:29:13-43
203            android:exported="false"
203-->[com.google.firebase:firebase-common:19.5.0] AndroidManifest.xml:30:13-37
204            android:initOrder="100" />
204-->[com.google.firebase:firebase-common:19.5.0] AndroidManifest.xml:31:13-36
205
206        <service
206-->[com.google.android.datatransport:transport-runtime:2.2.5] AndroidManifest.xml:26:9-30:19
207            android:name="com.google.android.datatransport.runtime.scheduling.jobscheduling.JobInfoSchedulerService"
207-->[com.google.android.datatransport:transport-runtime:2.2.5] AndroidManifest.xml:27:13-117
208            android:exported="false"
208-->[com.google.android.datatransport:transport-runtime:2.2.5] AndroidManifest.xml:28:13-37
209            android:permission="android.permission.BIND_JOB_SERVICE" >
209-->[com.google.android.datatransport:transport-runtime:2.2.5] AndroidManifest.xml:29:13-69
210        </service>
211
212        <receiver
212-->[com.google.android.datatransport:transport-runtime:2.2.5] AndroidManifest.xml:32:9-34:40
213            android:name="com.google.android.datatransport.runtime.scheduling.jobscheduling.AlarmManagerSchedulerBroadcastReceiver"
213-->[com.google.android.datatransport:transport-runtime:2.2.5] AndroidManifest.xml:33:13-132
214            android:exported="false" /> <!-- Needs to be explicitly declared on P+ -->
214-->[com.google.android.datatransport:transport-runtime:2.2.5] AndroidManifest.xml:34:13-37
215        <uses-library
215-->[com.google.android.gms:play-services-maps:17.0.0] AndroidManifest.xml:33:9-35:40
216            android:name="org.apache.http.legacy"
216-->[com.google.android.gms:play-services-maps:17.0.0] AndroidManifest.xml:34:13-50
217            android:required="false" />
217-->[com.google.android.gms:play-services-maps:17.0.0] AndroidManifest.xml:35:13-37
218
219        <activity
219-->[com.google.android.gms:play-services-base:17.0.0] AndroidManifest.xml:23:9-26:75
220            android:name="com.google.android.gms.common.api.GoogleApiActivity"
220-->[com.google.android.gms:play-services-base:17.0.0] AndroidManifest.xml:24:13-79
221            android:exported="false"
221-->[com.google.android.gms:play-services-base:17.0.0] AndroidManifest.xml:25:13-37
222            android:theme="@android:style/Theme.Translucent.NoTitleBar" />
222-->[com.google.android.gms:play-services-base:17.0.0] AndroidManifest.xml:26:13-72
223
224        <receiver
224-->[com.google.android.gms:play-services-measurement:18.0.1] AndroidManifest.xml:29:9-33:20
225            android:name="com.google.android.gms.measurement.AppMeasurementReceiver"
225-->[com.google.android.gms:play-services-measurement:18.0.1] AndroidManifest.xml:30:13-85
226            android:enabled="true"
226-->[com.google.android.gms:play-services-measurement:18.0.1] AndroidManifest.xml:31:13-35
227            android:exported="false" >
227-->[com.google.android.gms:play-services-measurement:18.0.1] AndroidManifest.xml:32:13-37
228        </receiver>
229
230        <service
230-->[com.google.android.gms:play-services-measurement:18.0.1] AndroidManifest.xml:35:9-38:40
231            android:name="com.google.android.gms.measurement.AppMeasurementService"
231-->[com.google.android.gms:play-services-measurement:18.0.1] AndroidManifest.xml:36:13-84
232            android:enabled="true"
232-->[com.google.android.gms:play-services-measurement:18.0.1] AndroidManifest.xml:37:13-35
233            android:exported="false" />
233-->[com.google.android.gms:play-services-measurement:18.0.1] AndroidManifest.xml:38:13-37
234        <service
234-->[com.google.android.gms:play-services-measurement:18.0.1] AndroidManifest.xml:39:9-43:72
235            android:name="com.google.android.gms.measurement.AppMeasurementJobService"
235-->[com.google.android.gms:play-services-measurement:18.0.1] AndroidManifest.xml:40:13-87
236            android:enabled="true"
236-->[com.google.android.gms:play-services-measurement:18.0.1] AndroidManifest.xml:41:13-35
237            android:exported="false"
237-->[com.google.android.gms:play-services-measurement:18.0.1] AndroidManifest.xml:42:13-37
238            android:permission="android.permission.BIND_JOB_SERVICE" />
238-->[com.google.android.gms:play-services-measurement:18.0.1] AndroidManifest.xml:43:13-69
239
240        <meta-data
240-->[com.google.android.gms:play-services-basement:17.0.0] AndroidManifest.xml:23:9-25:69
241            android:name="com.google.android.gms.version"
241-->[com.google.android.gms:play-services-basement:17.0.0] AndroidManifest.xml:24:13-58
242            android:value="@integer/google_play_services_version" />
242-->[com.google.android.gms:play-services-basement:17.0.0] AndroidManifest.xml:25:13-66
243        <!--
244             Receives GooglePlay execution requests and forwards them to the
245             appropriate internal service.
246        -->
247        <service
247-->[com.firebase:firebase-jobdispatcher:0.8.5] AndroidManifest.xml:32:9-39:19
248            android:name="com.firebase.jobdispatcher.GooglePlayReceiver"
248-->[com.firebase:firebase-jobdispatcher:0.8.5] AndroidManifest.xml:33:13-73
249            android:exported="true"
249-->[com.firebase:firebase-jobdispatcher:0.8.5] AndroidManifest.xml:34:13-36
250            android:permission="com.google.android.gms.permission.BIND_NETWORK_TASK_SERVICE" >
250-->[com.firebase:firebase-jobdispatcher:0.8.5] AndroidManifest.xml:35:13-93
251            <intent-filter>
251-->[com.firebase:firebase-jobdispatcher:0.8.5] AndroidManifest.xml:36:13-38:29
252                <action android:name="com.google.android.gms.gcm.ACTION_TASK_READY" />
252-->[com.firebase:firebase-jobdispatcher:0.8.5] AndroidManifest.xml:37:17-87
252-->[com.firebase:firebase-jobdispatcher:0.8.5] AndroidManifest.xml:37:25-84
253            </intent-filter>
254        </service>
255        <service
255-->[androidx.room:room-runtime:2.1.0] AndroidManifest.xml:25:9-27:40
256            android:name="androidx.room.MultiInstanceInvalidationService"
256-->[androidx.room:room-runtime:2.1.0] AndroidManifest.xml:26:13-74
257            android:exported="false" />
257-->[androidx.room:room-runtime:2.1.0] AndroidManifest.xml:27:13-37
258
259        <provider
259-->[androidx.lifecycle:lifecycle-process:2.0.0] AndroidManifest.xml:23:9-27:43
260            android:name="androidx.lifecycle.ProcessLifecycleOwnerInitializer"
260-->[androidx.lifecycle:lifecycle-process:2.0.0] AndroidManifest.xml:24:13-79
261            android:authorities="to.uiz.employee.lifecycle-process"
261-->[androidx.lifecycle:lifecycle-process:2.0.0] AndroidManifest.xml:25:13-69
262            android:exported="false"
262-->[androidx.lifecycle:lifecycle-process:2.0.0] AndroidManifest.xml:26:13-37
263            android:multiprocess="true" />
263-->[androidx.lifecycle:lifecycle-process:2.0.0] AndroidManifest.xml:27:13-40
264    </application>
265
266</manifest>